\BOOKMARK [1][-]{section*.2}{Įvadas}{}% 1
\BOOKMARK [1][-]{section.1}{Savybių modeliavimas}{}% 2
\BOOKMARK [2][-]{subsection.1.1}{Savybė}{section.1}% 3
\BOOKMARK [2][-]{subsection.1.2}{Savybių modelis}{section.1}% 4
\BOOKMARK [2][-]{subsection.1.3}{Procesas ir gairės}{section.1}% 5
\BOOKMARK [3][-]{subsubsection.1.3.1}{Srities\040identifikavimas}{subsection.1.3}% 6
\BOOKMARK [3][-]{subsubsection.1.3.2}{Savybių identifikavimas}{subsection.1.3}% 7
\BOOKMARK [3][-]{subsubsection.1.3.3}{Savybių abstrakcija, klasifikacija, modeliavimas}{subsection.1.3}% 8
\BOOKMARK [3][-]{subsubsection.1.3.4}{Savybių modelio validacija}{subsection.1.3}% 9
\BOOKMARK [1][-]{section.2}{Savybių modeliavimas pirminio kriptovaliutų platinimo išmaniesiems kontraktams}{}% 10
\BOOKMARK [2][-]{subsection.2.1}{Sritis}{section.2}% 11
\BOOKMARK [2][-]{subsection.2.2}{Reikalingų dokumentų surinkimas}{section.2}% 12
\BOOKMARK [2][-]{subsection.2.3}{Savybių išskyrimas}{section.2}% 13
\BOOKMARK [2][-]{subsection.2.4}{Savybių modelis}{section.2}% 14
\BOOKMARK [2][-]{subsection.2.5}{Savybių modelio validacija}{section.2}% 15
\BOOKMARK [1][-]{section*.3}{Rezultatai}{}% 16
\BOOKMARK [1][-]{section*.4}{Išvados}{}% 17
\BOOKMARK [1][-]{section*.5}{Literatūra}{}% 18
\BOOKMARK [1][-]{section*.6}{Sąvokų apibrėžimai}{}% 19
\BOOKMARK [1][-]{section*.7}{Santrumpos}{}% 20
